<?xml version="1.0" encoding="UTF-8"?>
<!-- Generated by org.testng.reporters.JUnitReportReporter -->
<testsuite hostname="Prabha" failures="0" tests="1" name="tutorialsninja.register.RegisterFunctionality_TS_001" time="5.161" errors="0" timestamp="2025-08-31T23:21:23 IST" skipped="0">
  <testcase classname="tutorialsninja.register.RegisterFunctionality_TS_001" name="TC_RF_004" time="5.161"/>
</testsuite> <!-- tutorialsninja.register.RegisterFunctionality_TS_001 -->
