<?xml version="1.0" encoding="UTF-8"?>
<!-- Generated by org.testng.reporters.JUnitReportReporter -->
<testsuite hostname="Prabha" failures="0" tests="1" name="tutorialsninja.register.TC_RE_001" time="7.148" errors="0" timestamp="2025-08-29T23:42:30 IST" skipped="0">
  <testcase classname="tutorialsninja.register.TC_RE_001" name="verifyRegisteringWithMandatoryFields" time="7.148"/>
</testsuite> <!-- tutorialsninja.register.TC_RE_001 -->
