<?xml version="1.0" encoding="UTF-8"?>
<!-- Generated by org.testng.reporters.JUnitReportReporter -->
<testsuite hostname="Prabha" failures="0" tests="4" name="tutorialsninja.register.RegisterFunctionality_TS_001" time="27.833" errors="0" timestamp="2025-09-01T00:15:42 IST" skipped="0">
  <testcase classname="tutorialsninja.register.RegisterFunctionality_TS_001" name="TC_RF_003" time="7.688">
    <system-out>
      <![CDATA[Step 2: Navigated to Registration page
Step 3: Registration form filled successfully
Step 4: Clicked Continue to submit the form
Validated presence of: Congratulations! Your new account has been successfully created!
Validated presence of: You can now take advantage of member privileges to enhance your online shopping experience with us.
Validated presence of: If you have ANY questions about the operation of this online shop, please e-mail the store owner.
Validated presence of: contact us]]>
    </system-out>
  </testcase> <!-- TC_RF_003 -->
  <testcase classname="tutorialsninja.register.RegisterFunctionality_TS_001" name="TC_RF_001" time="6.932">
    <system-out>
      <![CDATA[Step 2: Navigated to Registration page
Step 3: Registration form filled successfully
Step 4: Clicked Continue to submit the form
Step 5: Account registered successfully - success message displayed
Validated presence of: Congratulations! Your new account has been successfully created!
Validated presence of: You can now take advantage of member privileges to enhance your online shopping experience with us.
Validated presence of: If you have ANY questions about the operation of this online shop, please e-mail the store owner.
Validated presence of: contact us]]>
    </system-out>
  </testcase> <!-- TC_RF_001 -->
  <testcase classname="tutorialsninja.register.RegisterFunctionality_TS_001" name="TC_RF_005" time="7.860">
    <system-out>
      <![CDATA[Step 2: Navigated to Registration page
Step 3: Registration form filled successfully
Step 4: Clicked Continue to submit the form
Validated presence of: Congratulations! Your new account has been successfully created!
Validated presence of: You can now take advantage of member privileges to enhance your online shopping experience with us.
Validated presence of: If you have ANY questions about the operation of this online shop, please e-mail the store owner.
Validated presence of: contact us
Step 6: Clicked on 'Subscribe to newsletter' option and validated 'Yes' is selected]]>
    </system-out>
  </testcase> <!-- TC_RF_005 -->
  <testcase classname="tutorialsninja.register.RegisterFunctionality_TS_001" name="TC_RF_004" time="5.353">
    <system-out>
      <![CDATA[Step 2: Navigated to Registration page
Step 3: Clicked 'Continue' to submit the form without entering any fields
Step 4: Validated all mandatory field warning messages]]>
    </system-out>
  </testcase> <!-- TC_RF_004 -->
  <system-out>
    <![CDATA[Step 1: Browser launched and navigated to TutorialNinja homepage
Step 2: Navigated to Registration page
Step 3: Registration form filled successfully
Step 4: Clicked Continue to submit the form
Step 5: Account registered successfully - success message displayed
Validated presence of: Congratulations! Your new account has been successfully created!
Validated presence of: You can now take advantage of member privileges to enhance your online shopping experience with us.
Validated presence of: If you have ANY questions about the operation of this online shop, please e-mail the store owner.
Validated presence of: contact us
Step 6: Browser closed
Step 1: Browser launched and navigated to TutorialNinja homepage
Step 2: Navigated to Registration page
Step 3: Registration form filled successfully
Step 4: Clicked Continue to submit the form
Validated presence of: Congratulations! Your new account has been successfully created!
Validated presence of: You can now take advantage of member privileges to enhance your online shopping experience with us.
Validated presence of: If you have ANY questions about the operation of this online shop, please e-mail the store owner.
Validated presence of: contact us
Step 6: Browser closed
Step 1: Browser launched and navigated to TutorialNinja homepage
Step 2: Navigated to Registration page
Step 3: Clicked 'Continue' to submit the form without entering any fields
Step 4: Validated all mandatory field warning messages
Step 6: Browser closed
Step 1: Browser launched and navigated to TutorialNinja homepage
Step 2: Navigated to Registration page
Step 3: Registration form filled successfully
Step 4: Clicked Continue to submit the form
Validated presence of: Congratulations! Your new account has been successfully created!
Validated presence of: You can now take advantage of member privileges to enhance your online shopping experience with us.
Validated presence of: If you have ANY questions about the operation of this online shop, please e-mail the store owner.
Validated presence of: contact us
Step 6: Clicked on 'Subscribe to newsletter' option and validated 'Yes' is selected
Step 6: Browser closed]]>
  </system-out>
</testsuite> <!-- tutorialsninja.register.RegisterFunctionality_TS_001 -->
