<?xml version="1.0" encoding="UTF-8"?>
<!-- Generated by org.testng.reporters.JUnitReportReporter -->
<testsuite hostname="Prabha" failures="0" tests="1" name="tutorialsninja.register.RegisterFunctionality" time="8.784" errors="0" timestamp="2025-08-30T23:57:17 IST" skipped="0">
  <testcase classname="tutorialsninja.register.RegisterFunctionality" name="TS_001" time="8.784"/>
</testsuite> <!-- tutorialsninja.register.RegisterFunctionality -->
